<?xml version="1.0" encoding="UTF-8"?>
<testng-results skipped="0" failed="0" total="4" passed="4">
  <reporter-output>
  </reporter-output>
  <suite name="Default suite" duration-ms="107747" started-at="2018-04-15T02:16:42Z" finished-at="2018-04-15T02:18:30Z">
    <groups>
      <group name="login">
        <method signature="LoginTest.Login()[pri:0, instance:com.freecrm.testcases.LoginTest@4dfa3a9d]" name="Login" class="com.freecrm.testcases.LoginTest"/>
      </group> <!-- login -->
      <group name="title">
        <method signature="LoginTest.verifyHomePageTitle()[pri:0, instance:com.freecrm.testcases.LoginTest@4dfa3a9d]" name="verifyHomePageTitle" class="com.freecrm.testcases.LoginTest"/>
      </group> <!-- title -->
    </groups>
    <test name="Default test" duration-ms="107747" started-at="2018-04-15T02:16:42Z" finished-at="2018-04-15T02:18:30Z">
      <class name="com.freecrm.testcases.LoginTest">
        <test-method status="PASS" signature="StartExtent()[pri:0, instance:com.freecrm.testcases.LoginTest@4dfa3a9d]" name="StartExtent" is-config="true" duration-ms="478" started-at="2018-04-15T07:46:42Z" finished-at="2018-04-15T07:46:43Z">
          <reporter-output>
          </reporter-output>
        </test-method> <!-- StartExtent -->
        <test-method status="PASS" signature="Setup()[pri:0, instance:com.freecrm.testcases.LoginTest@4dfa3a9d]" name="Setup" is-config="true" duration-ms="25718" started-at="2018-04-15T07:46:43Z" finished-at="2018-04-15T07:47:08Z">
          <reporter-output>
          </reporter-output>
        </test-method> <!-- Setup -->
        <test-method status="PASS" signature="Login()[pri:0, instance:com.freecrm.testcases.LoginTest@4dfa3a9d]" name="Login" duration-ms="6459" started-at="2018-04-15T07:47:08Z" finished-at="2018-04-15T07:47:15Z">
          <reporter-output>
          </reporter-output>
        </test-method> <!-- Login -->
        <test-method status="PASS" signature="tearDown(org.testng.ITestResult)[pri:0, instance:com.freecrm.testcases.LoginTest@4dfa3a9d]" name="tearDown" is-config="true" duration-ms="1099" started-at="2018-04-15T07:47:15Z" finished-at="2018-04-15T07:47:16Z">
          <params>
            <param index="0">
              <value>
                <![CDATA[[TestResult name=Login status=SUCCESS method=LoginTest.Login()[pri:0, instance:com.freecrm.testcases.LoginTest@4dfa3a9d] output={null}]]]>
              </value>
            </param>
          </params>
          <reporter-output>
          </reporter-output>
        </test-method> <!-- tearDown -->
        <test-method status="PASS" signature="Setup()[pri:0, instance:com.freecrm.testcases.LoginTest@4dfa3a9d]" name="Setup" is-config="true" duration-ms="14700" started-at="2018-04-15T07:47:16Z" finished-at="2018-04-15T07:47:31Z">
          <reporter-output>
          </reporter-output>
        </test-method> <!-- Setup -->
        <test-method status="PASS" signature="Login()[pri:0, instance:com.freecrm.testcases.LoginTest@4dfa3a9d]" name="Login" duration-ms="6648" started-at="2018-04-15T07:47:31Z" finished-at="2018-04-15T07:47:37Z">
          <reporter-output>
          </reporter-output>
        </test-method> <!-- Login -->
        <test-method status="PASS" signature="tearDown(org.testng.ITestResult)[pri:0, instance:com.freecrm.testcases.LoginTest@4dfa3a9d]" name="tearDown" is-config="true" duration-ms="1381" started-at="2018-04-15T07:47:37Z" finished-at="2018-04-15T07:47:39Z">
          <params>
            <param index="0">
              <value>
                <![CDATA[[TestResult name=Login status=SUCCESS method=LoginTest.Login()[pri:0, instance:com.freecrm.testcases.LoginTest@4dfa3a9d] output={null}]]]>
              </value>
            </param>
          </params>
          <reporter-output>
          </reporter-output>
        </test-method> <!-- tearDown -->
        <test-method status="PASS" signature="Setup()[pri:0, instance:com.freecrm.testcases.LoginTest@4dfa3a9d]" name="Setup" is-config="true" duration-ms="16528" started-at="2018-04-15T07:47:39Z" finished-at="2018-04-15T07:47:55Z">
          <reporter-output>
          </reporter-output>
        </test-method> <!-- Setup -->
        <test-method status="PASS" signature="Login()[pri:0, instance:com.freecrm.testcases.LoginTest@4dfa3a9d]" name="Login" duration-ms="6202" started-at="2018-04-15T07:47:55Z" finished-at="2018-04-15T07:48:01Z">
          <reporter-output>
          </reporter-output>
        </test-method> <!-- Login -->
        <test-method status="PASS" signature="tearDown(org.testng.ITestResult)[pri:0, instance:com.freecrm.testcases.LoginTest@4dfa3a9d]" name="tearDown" is-config="true" duration-ms="1941" started-at="2018-04-15T07:48:01Z" finished-at="2018-04-15T07:48:03Z">
          <params>
            <param index="0">
              <value>
                <![CDATA[[TestResult name=Login status=SUCCESS method=LoginTest.Login()[pri:0, instance:com.freecrm.testcases.LoginTest@4dfa3a9d] output={null}]]]>
              </value>
            </param>
          </params>
          <reporter-output>
          </reporter-output>
        </test-method> <!-- tearDown -->
        <test-method status="PASS" signature="Setup()[pri:0, instance:com.freecrm.testcases.LoginTest@4dfa3a9d]" name="Setup" is-config="true" duration-ms="16964" started-at="2018-04-15T07:48:03Z" finished-at="2018-04-15T07:48:20Z">
          <reporter-output>
          </reporter-output>
        </test-method> <!-- Setup -->
        <test-method status="PASS" signature="verifyHomePageTitle()[pri:0, instance:com.freecrm.testcases.LoginTest@4dfa3a9d]" name="verifyHomePageTitle" duration-ms="6586" started-at="2018-04-15T07:48:20Z" finished-at="2018-04-15T07:48:27Z">
          <reporter-output>
          </reporter-output>
        </test-method> <!-- verifyHomePageTitle -->
        <test-method status="PASS" signature="tearDown(org.testng.ITestResult)[pri:0, instance:com.freecrm.testcases.LoginTest@4dfa3a9d]" name="tearDown" is-config="true" duration-ms="1525" started-at="2018-04-15T07:48:27Z" finished-at="2018-04-15T07:48:28Z">
          <params>
            <param index="0">
              <value>
                <![CDATA[[TestResult name=verifyHomePageTitle status=SUCCESS method=LoginTest.verifyHomePageTitle()[pri:0, instance:com.freecrm.testcases.LoginTest@4dfa3a9d] output={null}]]]>
              </value>
            </param>
          </params>
          <reporter-output>
          </reporter-output>
        </test-method> <!-- tearDown -->
        <test-method status="PASS" signature="endReport()[pri:0, instance:com.freecrm.testcases.LoginTest@4dfa3a9d]" name="endReport" is-config="true" duration-ms="1490" started-at="2018-04-15T07:48:28Z" finished-at="2018-04-15T07:48:30Z">
          <reporter-output>
          </reporter-output>
        </test-method> <!-- endReport -->
      </class> <!-- com.freecrm.testcases.LoginTest -->
    </test> <!-- Default test -->
  </suite> <!-- Default suite -->
</testng-results>
