<?xml version="1.0" encoding="UTF-8"?>
<!-- Generated by org.testng.reporters.JUnitXMLReporter -->
<testsuite hostname="BLR1-LP34YG622" name="ContactsTest" tests="5" failures="0" timestamp="15 Apr 2018 07:46:24 GMT" time="204.225" errors="0">
  <testcase name="clickOnNewContacts" time="13.827" classname="com.freecrm.testcases.ContactsTest"/>
  <testcase name="addNewContacts" time="24.125" classname="com.freecrm.testcases.ContactsTest"/>
  <testcase name="addMoreNewContacts" time="23.496" classname="com.freecrm.testcases.ContactsTest"/>
  <testcase name="addMoreNewContacts" time="23.775" classname="com.freecrm.testcases.ContactsTest"/>
  <testcase name="addMoreNewContacts" time="23.743" classname="com.freecrm.testcases.ContactsTest"/>
</testsuite> <!-- ContactsTest -->
