<?xml version="1.0" encoding="UTF-8"?>
<!-- Generated by org.testng.reporters.JUnitXMLReporter -->
<testsuite hostname="BLR1-LP34YG622" name="ContactsTest" tests="5" failures="1" timestamp="15 Apr 2018 14:21:26 GMT" time="199.552" errors="0">
  <testcase name="clickOnNewContacts" time="15.485" classname="com.freecrm.testcases.ContactsTest"/>
  <testcase name="addNewContacts" time="24.312" classname="com.freecrm.testcases.ContactsTest"/>
  <testcase name="addMoreNewContacts" time="24.263" classname="com.freecrm.testcases.ContactsTest"/>
  <testcase name="addMoreNewContacts" time="13.075" classname="com.freecrm.testcases.ContactsTest">
    <failure type="org.openqa.selenium.ElementNotInteractableException" message="
Build info: version: &amp;apos;3.10.0&amp;apos;, revision: &amp;apos;176b4a9&amp;apos;, time: &amp;apos;2018-03-02T19:03:16.397Z&amp;apos;
System info: host: &amp;apos;BLR1-LP34YG622&amp;apos;, ip: &amp;apos;192.168.1.9&amp;apos;, os.name: &amp;apos;Windows 7&amp;apos;, os.arch: &amp;apos;amd64&amp;apos;, os.version: &amp;apos;6.1&amp;apos;, java.version: &amp;apos;1.8.0_161&amp;apos;
Driver info: org.openqa.selenium.firefox.FirefoxDriver
Capabilities {acceptInsecureCerts: true, browserName: firefox, browserVersion: 54.0, javascriptEnabled: true, moz:accessibilityChecks: false, moz:processID: 1548, moz:profile: C:\Users\e3009192\AppData\L..., pageLoadStrategy: normal, platform: XP, platformName: XP, platformVersion: 6.1, rotatable: false, specificationLevel: 0, timeouts: {implicit: 0, pageLoad: 300000, script: 30000}}
Session ID: 6d6193e5-66a0-4a3e-bc8b-96bf134adbe6">
      <![CDATA[org.openqa.selenium.ElementNotInteractableException: 
Build info: version: '3.10.0', revision: '176b4a9', time: '2018-03-02T19:03:16.397Z'
System info: host: 'BLR1-LP34YG622', ip: '192.168.1.9', os.name: 'Windows 7', os.arch: 'amd64', os.version: '6.1', java.version: '1.8.0_161'
Driver info: org.openqa.selenium.firefox.FirefoxDriver
Capabilities {acceptInsecureCerts: true, browserName: firefox, browserVersion: 54.0, javascriptEnabled: true, moz:accessibilityChecks: false, moz:processID: 1548, moz:profile: C:\Users\e3009192\AppData\L..., pageLoadStrategy: normal, platform: XP, platformName: XP, platformVersion: 6.1, rotatable: false, specificationLevel: 0, timeouts: {implicit: 0, pageLoad: 300000, script: 30000}}
Session ID: 6d6193e5-66a0-4a3e-bc8b-96bf134adbe6
	at org.openqa.selenium.remote.http.W3CHttpResponseCodec.createException(W3CHttpResponseCodec.java:187)
	at org.openqa.selenium.remote.http.W3CHttpResponseCodec.decode(W3CHttpResponseCodec.java:122)
	at org.openqa.selenium.remote.http.W3CHttpResponseCodec.decode(W3CHttpResponseCodec.java:49)
	at org.openqa.selenium.remote.HttpCommandExecutor.execute(HttpCommandExecutor.java:160)
	at org.openqa.selenium.remote.service.DriverCommandExecutor.execute(DriverCommandExecutor.java:83)
	at org.openqa.selenium.remote.RemoteWebDriver.execute(RemoteWebDriver.java:601)
	at org.openqa.selenium.remote.RemoteWebElement.execute(RemoteWebElement.java:279)
	at org.openqa.selenium.remote.RemoteWebElement.click(RemoteWebElement.java:83)
	at org.openqa.selenium.support.pagefactory.internal.LocatingElementHandler.invoke(LocatingElementHandler.java:51)
	at com.sun.proxy.$Proxy13.click(Unknown Source)
	at com.freecrm.Pages.HomePage.clickOnContactsTab(HomePage.java:36)
	at com.freecrm.testcases.ContactsTest.addMoreNewContacts(ContactsTest.java:118)
... Removed 32 stack frames]]>
    </failure>
  </testcase> <!-- addMoreNewContacts -->
  <testcase name="addMoreNewContacts" time="24.223" classname="com.freecrm.testcases.ContactsTest"/>
</testsuite> <!-- ContactsTest -->
