<?xml version="1.0" encoding="UTF-8"?>
<!-- Generated by org.testng.reporters.JUnitXMLReporter -->
<testsuite hostname="BLR1-LP34YG622" name="Default test" tests="3" failures="0" timestamp="15 Apr 2018 07:38:50 GMT" time="134.712" errors="0">
  <testcase name="addMoreNewContacts" time="24.632" classname="com.freecrm.testcases.ContactsTest"/>
  <testcase name="addMoreNewContacts" time="23.43" classname="com.freecrm.testcases.ContactsTest"/>
  <testcase name="addMoreNewContacts" time="23.918" classname="com.freecrm.testcases.ContactsTest"/>
</testsuite> <!-- Default test -->
