<?xml version="1.0" encoding="UTF-8"?>
<!-- Generated by org.testng.reporters.JUnitXMLReporter -->
<testsuite hostname="BLR1-LP34YG622" name="Default test" tests="4" failures="0" timestamp="15 Apr 2018 02:18:30 GMT" time="107.747" errors="0">
  <testcase name="Login" time="6.459" classname="com.freecrm.testcases.LoginTest"/>
  <testcase name="Login" time="6.648" classname="com.freecrm.testcases.LoginTest"/>
  <testcase name="Login" time="6.202" classname="com.freecrm.testcases.LoginTest"/>
  <testcase name="verifyHomePageTitle" time="6.586" classname="com.freecrm.testcases.LoginTest"/>
</testsuite> <!-- Default test -->
